<?xml version="1.0" encoding="UTF-8"?>
<testng-results ignored="0" total="1" passed="1" failed="0" skipped="0">
  <reporter-output>
  </reporter-output>
  <suite started-at="2026-03-23T12:13:44 IST" name="Default suite" finished-at="2026-03-23T12:14:22 IST" duration-ms="37979">
    <groups>
    </groups>
    <test started-at="2026-03-23T12:13:44 IST" name="Default test" finished-at="2026-03-23T12:14:22 IST" duration-ms="37979">
      <class name="tests.AmazonTest">
        <test-method is-config="true" signature="setup()[pri:0, instance:tests.AmazonTest@6221a451]" started-at="2026-03-23T12:13:44 IST" name="setup" finished-at="2026-03-23T12:13:48 IST" duration-ms="4380" status="PASS">
          <reporter-output>
          </reporter-output>
        </test-method> <!-- setup -->
        <test-method signature="testAmazonFlow()[pri:0, instance:tests.AmazonTest@6221a451]" started-at="2026-03-23T12:13:48 IST" name="testAmazonFlow" finished-at="2026-03-23T12:14:21 IST" duration-ms="33145" status="PASS">
          <reporter-output>
          </reporter-output>
        </test-method> <!-- testAmazonFlow -->
        <test-method is-config="true" signature="tearDown()[pri:0, instance:tests.AmazonTest@6221a451]" started-at="2026-03-23T12:14:21 IST" name="tearDown" finished-at="2026-03-23T12:14:22 IST" duration-ms="404" status="PASS">
          <reporter-output>
          </reporter-output>
        </test-method> <!-- tearDown -->
      </class> <!-- tests.AmazonTest -->
    </test> <!-- Default test -->
  </suite> <!-- Default suite -->
</testng-results>
